11:09:56.243 [main                     ] DEBUG Logger               - Configured Logger
11:09:56.243 [main                     ] DEBUG GameApplication      - Logging settings
Title: Untitled
Version: 0.0
Width: 1280
Height: 720
Fullscreen: false
Intro: false
Profiling: false
Single step:false
App Mode: DEVELOPER
Menu Key: ESCAPE
Stage Style: DECORATED
Scene Factory: class com.leewyatt.mario.MairoApp$1

11:09:56.563 [JavaFX Application Thread] DEBUG FXGLApplication      - Initializing FXGL
11:09:56.564 [JavaFX Application Thread] INFO  Engine               - FXGL-11.17 (16.07.2021 15.46) on WINDOWS (J:17.0.10 FX:16)
11:09:56.566 [JavaFX Application Thread] DEBUG Engine               - JRE Vendor Name: Eclipse Adoptium
11:09:56.566 [JavaFX Application Thread] DEBUG Engine               - Running on OS: Windows 11 version 10.0
11:09:56.566 [JavaFX Application Thread] DEBUG Engine               - Architecture: amd64
11:09:56.566 [JavaFX Application Thread] INFO  Engine               - Source code and latest versions at: https://github.com/AlmasB/FXGL
11:09:56.566 [JavaFX Application Thread] INFO  Engine               -              Join the FXGL chat at: https://gitter.im/AlmasB/FXGL
11:09:56.653 [JavaFX Application Thread] DEBUG PrimaryStageWindow   - Creating a JavaFX scene
11:09:56.697 [JavaFX Application Thread] DEBUG PrimaryStageWindow   - Target settings size: 1280.0 x 720.0
11:09:56.697 [JavaFX Application Thread] DEBUG PrimaryStageWindow   - Scaled scene size:    1280.0 x 720.0
11:09:56.697 [JavaFX Application Thread] DEBUG PrimaryStageWindow   - Scaled ratio: (1.0, 1.0)
11:09:56.699 [JavaFX Application Thread] DEBUG PrimaryStageWindow   - Set initial scene to FXGLStartupScene
11:09:56.704 [JavaFX Application Thread] DEBUG PrimaryStageWindow   - Opening main window
11:09:56.780 [JavaFX Application Thread] DEBUG PrimaryStageWindow   - Window border size: (14.4000244140625, 37.5999755859375)
11:09:56.780 [JavaFX Application Thread] DEBUG PrimaryStageWindow   - Scaled size: 1280.0 x 720.0
11:09:56.780 [JavaFX Application Thread] DEBUG PrimaryStageWindow   - Scaled ratio: (1.0, 1.0)
11:09:56.781 [JavaFX Application Thread] DEBUG PrimaryStageWindow   - Scene size: 1280.0 x 720.0
11:09:56.781 [JavaFX Application Thread] DEBUG PrimaryStageWindow   - Stage size: 1294.4000244140625 x 757.5999755859375
11:09:56.792 [FXGL Background Thread 1 ] DEBUG Engine               - Initializing environment variables
11:09:56.851 [FXGL Background Thread 1 ] DEBUG FXGLAssetLoaderServi - User app class for loading assets: class com.leewyatt.mario.MairoApp
11:09:56.851 [FXGL Background Thread 1 ] DEBUG GameApplicationServi - Applying CSS: fxgl_dark.css
11:09:56.852 [FXGL Background Thread 1 ] DEBUG FXGLAssetLoaderServi - Loading from file system: jar:file:///C:/Users/snamo/.m2/repository/com/github/almasb/fxgl/11.17/fxgl-11.17.jar!/fxglassets/ui/css/fxgl_dark.css
11:09:56.893 [FXGL Background Thread 1 ] DEBUG GameApplicationServi - Initializing application scenes
11:09:56.943 [FXGL Background Thread 1 ] DEBUG GameWorld            - Game world initialized
11:09:56.996 [FXGL Background Thread 1 ] DEBUG PhysicsWorld         - Physics world initialized: appHeight=720, physics.ppm=50.0
11:09:56.997 [FXGL Background Thread 1 ] DEBUG PhysicsWorld         - Using strategy: BRUTE_FORCE
11:09:56.999 [FXGL Background Thread 1 ] DEBUG GameScene            - Game scene initialized: 1280x720
11:09:57.010 [FXGL Background Thread 1 ] DEBUG FXGL.DefaultMenu     - createMenuBodyGameMenu()
11:09:57.039 [FXGL Background Thread 1 ] DEBUG FXGL.DefaultMenu     - createOptionsMenu()
11:09:57.049 [FXGL Background Thread 1 ] DEBUG FXGLAssetLoaderServi - Loading from file system: jar:file:///C:/Users/snamo/.m2/repository/com/github/almasb/fxgl/11.17/fxgl-11.17.jar!/fxglassets/textures/particles/smoke.png
11:09:57.149 [FXGL Background Thread 1 ] DEBUG FXGLAssetLoaderServi - Loading from file system: jar:file:///C:/Users/snamo/.m2/repository/com/github/almasb/fxgl/11.17/fxgl-11.17.jar!/fxglassets/textures/particles/trace_horizontal.png
11:09:57.177 [FXGL Background Thread 1 ] DEBUG GameApplicationServi - Application scenes initialized
11:09:57.192 [FXGL Background Thread 1 ] DEBUG SystemBundleService  - Loading FXGL system data
11:09:57.198 [FXGL Background Thread 1 ] DEBUG FileSystemAccess     - Reading from: C:\Users\snamo\OneDrive\Documents\GitHub\FXGL_Mario-master\system\fxgl.bundle
11:09:57.206 [FXGL Background Thread 1 ] DEBUG SystemBundleService  - Bundle FXGL: {}
11:09:57.206 [FXGL Background Thread 1 ] DEBUG UpdaterService       - Checking for updates
11:09:57.213 [FXGL Background Thread 4 ] DEBUG FXGLApplication      - Loading fonts
11:09:57.214 [FXGL Background Thread 1 ] DEBUG FXGLApplication      - Loading default localization
11:09:57.214 [FXGL Background Thread 4 ] DEBUG FXGLAssetLoaderServi - Loading from file system: jar:file:///C:/Users/snamo/.m2/repository/com/github/almasb/fxgl/11.17/fxgl-11.17.jar!/fxglassets/ui/fonts/VarelaRound-Regular.ttf
11:09:57.214 [FXGL Background Thread 1 ] DEBUG FXGLAssetLoaderServi - Loading from file system: jar:file:///C:/Users/snamo/.m2/repository/com/github/almasb/fxgl/11.17/fxgl-11.17.jar!/fxglassets/languages/english.lang
11:09:57.229 [FXGL Background Thread 1 ] INFO  FXGLApplication      - FXGL initialization took: 0.436 sec
11:09:57.242 [JavaFX Application Thread] DEBUG Input                - Registered new binding: left - A
11:09:57.242 [JavaFX Application Thread] DEBUG Input                - Registered new binding: right - D
11:09:57.242 [JavaFX Application Thread] DEBUG Input                - Registered new binding: jump - W
11:09:57.242 [JavaFX Application Thread] DEBUG Input                - Registered new binding: Use - E
11:09:57.243 [JavaFX Application Thread] DEBUG FXGLAssetLoaderServi - Loading from file system: file:/C:/Users/snamo/OneDrive/Documents/GitHub/FXGL_Mario-master/target/classes/assets/music/BGM_dash_runner.wav
11:09:57.325 [FXGL Background Thread 4 ] DEBUG FXGLAssetLoaderServi - Loading from file system: jar:file:///C:/Users/snamo/.m2/repository/com/github/almasb/fxgl/11.17/fxgl-11.17.jar!/fxglassets/ui/fonts/Abel-Regular.ttf
11:09:57.328 [FXGL Background Thread 4 ] DEBUG FXGLAssetLoaderServi - Loading from file system: jar:file:///C:/Users/snamo/.m2/repository/com/github/almasb/fxgl/11.17/fxgl-11.17.jar!/fxglassets/ui/fonts/lucida_console.ttf
11:09:57.333 [FXGL Background Thread 4 ] DEBUG FXGLAssetLoaderServi - Loading from file system: jar:file:///C:/Users/snamo/.m2/repository/com/github/almasb/fxgl/11.17/fxgl-11.17.jar!/fxglassets/ui/fonts/Courier-Prime.ttf
11:09:57.742 [JavaFX Application Thread] DEBUG AudioPlayer          - Playing music com.almasb.fxgl.audio.Music@3b0f7ecb
11:09:57.743 [JavaFX Application Thread] DEBUG FXGLAssetLoaderServi - Loading from file system: jar:file:///C:/Users/snamo/.m2/repository/com/github/almasb/fxgl/11.17/fxgl-11.17.jar!/fxglassets/textures/fxgl_icon.png
11:09:57.765 [JavaFX Application Thread] DEBUG FXGLAssetLoaderServi - Loading from file system: jar:file:///C:/Users/snamo/.m2/repository/com/github/almasb/fxgl/11.17/fxgl-11.17.jar!/fxglassets/textures/fxgl_default_cursor.png
11:09:57.767 [JavaFX Application Thread] DEBUG Input                - Registered new binding: Screenshot - CTRL+8
11:09:57.768 [JavaFX Application Thread] DEBUG Input                - Registered new binding: System info dump - CTRL+9
11:09:57.768 [JavaFX Application Thread] DEBUG Input                - Registered new binding: Restart - CTRL+R
11:09:57.768 [JavaFX Application Thread] DEBUG Input                - Registered new binding: Toggle Debug Camera - CTRL+C
11:09:57.770 [JavaFX Application Thread] DEBUG LoopRunner           - Starting loop
11:09:57.771 [JavaFX Application Thread] DEBUG LoopRunner           - Initializing JavaFX AnimationTimerLoop
11:09:57.772 [JavaFX Application Thread] DEBUG GameApplicationServi - Starting new game
11:09:57.773 [JavaFX Application Thread] DEBUG Input                - Clearing active input actions
11:09:57.789 [JavaFX Application Thread] DEBUG GameApplicationServi - Removing overlay from FXGLStartupScene and adding to MarioLoadingScene
11:09:57.789 [JavaFX Application Thread] DEBUG PrimaryStageWindow   - FXGLStartupScene -> MarioLoadingScene
11:09:57.790 [JavaFX Application Thread] DEBUG GameApplicationServi - Clearing previous game
11:09:57.790 [JavaFX Application Thread] DEBUG GameScene            - Clearing game scene
11:09:57.790 [JavaFX Application Thread] DEBUG GameWorld            - Clearing game world
11:09:57.790 [JavaFX Application Thread] DEBUG PhysicsWorld         - Clearing physics world
11:09:57.793 [FXGL Background Thread 4 ] DEBUG FXGLApplication      - Initializing game
11:09:57.796 [JavaFX Application Thread] DEBUG FXGLApplication      - Registering font factories with UI factory
11:09:57.802 [FXGL Background Thread 4 ] DEBUG FXGLAssetLoaderServi - Loading from file system: file:/C:/Users/snamo/OneDrive/Documents/GitHub/FXGL_Mario-master/target/classes/assets/textures/ice/ice_disappear.png
11:09:57.840 [FXGL Background Thread 4 ] DEBUG FXGLAssetLoaderServi - Loading from file system: file:/C:/Users/snamo/OneDrive/Documents/GitHub/FXGL_Mario-master/target/classes/assets/textures/ice/iceWater.png
11:09:57.843 [FXGL Background Thread 4 ] DEBUG FXGLAssetLoaderServi - Loading from file system: file:/C:/Users/snamo/OneDrive/Documents/GitHub/FXGL_Mario-master/target/classes/assets/textures/ice/collideCoin.png
11:09:57.939 [FXGL Background Thread 4 ] DEBUG TMXLevelLoader       - Parsed TiledMap: file:/C:/Users/snamo/OneDrive/Documents/GitHub/FXGL_Mario-master/target/classes/assets/levels/tmx/level6.tmx
11:09:57.940 [FXGL Background Thread 4 ] DEBUG TMXLevelLoader       - Creating tile layer entities
11:09:57.941 [FXGL Background Thread 4 ] DEBUG TilesetLoader        - Loading view for layer 块层 1
11:09:57.942 [FXGL Background Thread 4 ] DEBUG TilesetLoader        - Created buffer with size 2940.0x700.0
11:09:57.970 [FXGL Background Thread 4 ] DEBUG TMXLevelLoader       - Creating object layer entities
11:09:57.989 [FXGL Background Thread 4 ] DEBUG FXGLAssetLoaderServi - Loading from file system: file:/C:/Users/snamo/OneDrive/Documents/GitHub/FXGL_Mario-master/target/classes/assets/textures/ice/iceBlock.png
11:09:58.000 [FXGL Background Thread 4 ] DEBUG FXGLAssetLoaderServi - Loading from file system: file:/C:/Users/snamo/OneDrive/Documents/GitHub/FXGL_Mario-master/target/classes/assets/textures/ice/tundra_140x40.png
11:09:58.006 [FXGL Background Thread 4 ] DEBUG FXGLAssetLoaderServi - Loading from file system: file:/C:/Users/snamo/OneDrive/Documents/GitHub/FXGL_Mario-master/target/classes/assets/textures/button.png
11:09:58.014 [FXGL Background Thread 4 ] DEBUG FXGLAssetLoaderServi - Loading from file system: file:/C:/Users/snamo/OneDrive/Documents/GitHub/FXGL_Mario-master/target/classes/assets/textures/coinGold.png
11:09:58.026 [FXGL Background Thread 4 ] DEBUG GameWorld            - Clearing removable entities
11:09:58.026 [FXGL Background Thread 4 ] DEBUG GameWorld            - Setting level: com.almasb.fxgl.entity.level.Level@48a35526
11:09:58.168 [FXGL Background Thread 4 ] DEBUG FXGLAssetLoaderServi - Loading from file system: file:/C:/Users/snamo/OneDrive/Documents/GitHub/FXGL_Mario-master/target/classes/assets/textures/player.png
11:09:58.178 [FXGL Background Thread 4 ] INFO  FXGLApplication      - Game initialization took: 0.385 sec
11:09:58.179 [JavaFX Application Thread] DEBUG Input                - Clearing active input actions
11:09:58.191 [JavaFX Application Thread] DEBUG GameApplicationServi - Removing overlay from MarioLoadingScene and adding to GameScene
11:09:58.191 [JavaFX Application Thread] DEBUG PrimaryStageWindow   - MarioLoadingScene -> GameScene
11:10:00.212 [FXGL Background Thread 3 ] DEBUG Engine               - Logging environment variables
11:10:00.212 [FXGL Background Thread 3 ] DEBUG Engine               - achievements: []
11:10:00.213 [FXGL Background Thread 3 ] DEBUG Engine               - actualHeight: 720.0
11:10:00.213 [FXGL Background Thread 3 ] DEBUG Engine               - actualHeightProperty: ReadOnlyDoubleProperty [value: 720.0]
11:10:00.213 [FXGL Background Thread 3 ] DEBUG Engine               - actualWidth: 1280.0
11:10:00.213 [FXGL Background Thread 3 ] DEBUG Engine               - actualWidthProperty: ReadOnlyDoubleProperty [value: 1280.0]
11:10:00.213 [FXGL Background Thread 3 ] DEBUG Engine               - appIcon: fxgl_icon.png
11:10:00.213 [FXGL Background Thread 3 ] DEBUG Engine               - applicationMode: DEVELOPER
11:10:00.213 [FXGL Background Thread 3 ] DEBUG Engine               - cSSList: [fxgl_dark.css]
11:10:00.213 [FXGL Background Thread 3 ] DEBUG Engine               - collisionDetectionStrategy: BRUTE_FORCE
11:10:00.213 [FXGL Background Thread 3 ] DEBUG Engine               - configClass: Optional.empty
11:10:00.213 [FXGL Background Thread 3 ] DEBUG Engine               - credits: []
11:10:00.214 [FXGL Background Thread 3 ] DEBUG Engine               - defaultCursor: CursorInfo(imageName=fxgl_default_cursor.png, hotspotX=7.0, hotspotY=6.0)
11:10:00.214 [FXGL Background Thread 3 ] DEBUG Engine               - devBBoxColorProperty: ObjectProperty [value: 0xff0000ff]
11:10:00.214 [FXGL Background Thread 3 ] DEBUG Engine               - devEnableDebugCameraProperty: BooleanProperty [value: false]
11:10:00.214 [FXGL Background Thread 3 ] DEBUG Engine               - devSensorColorProperty: ObjectProperty [value: 0xffff00ff]
11:10:00.214 [FXGL Background Thread 3 ] DEBUG Engine               - devShowBBoxProperty: BooleanProperty [value: false]
11:10:00.214 [FXGL Background Thread 3 ] DEBUG Engine               - devShowPositionProperty: BooleanProperty [value: false]
11:10:00.214 [FXGL Background Thread 3 ] DEBUG Engine               - enabledMenuItems: []
11:10:00.214 [FXGL Background Thread 3 ] DEBUG Engine               - engineServices: [class com.almasb.fxgl.app.services.FXGLAssetLoaderService, class com.almasb.fxgl.app.FXGLApplication$GameApplicationService, class com.almasb.fxgl.app.services.FXGLDialogService, class com.almasb.fxgl.app.services.IOTaskExecutorService, class com.almasb.fxgl.io.FileSystemService, class com.almasb.fxgl.localization.LocalizationService, class com.almasb.fxgl.app.services.SystemBundleService, class com.almasb.fxgl.profile.SaveLoadService, class com.almasb.fxgl.ui.FXGLUIFactoryServiceProvider, class com.almasb.fxgl.ui.FXGLDialogFactoryServiceProvider, class com.almasb.fxgl.audio.AudioPlayer, class com.almasb.fxgl.notification.impl.NotificationServiceProvider, class com.almasb.fxgl.achievement.AchievementService, class com.almasb.fxgl.cutscene.CutsceneService, class com.almasb.fxgl.minigames.MiniGameService, class com.almasb.fxgl.net.NetService, class com.almasb.fxgl.app.services.UpdaterService, class com.almasb.fxgl.dev.DevService]
11:10:00.214 [FXGL Background Thread 3 ] DEBUG Engine               - fontGame: Abel-Regular.ttf
11:10:00.215 [FXGL Background Thread 3 ] DEBUG Engine               - fontMono: lucida_console.ttf
11:10:00.215 [FXGL Background Thread 3 ] DEBUG Engine               - fontText: Courier-Prime.ttf
11:10:00.215 [FXGL Background Thread 3 ] DEBUG Engine               - fontUI: VarelaRound-Regular.ttf
11:10:00.215 [FXGL Background Thread 3 ] DEBUG Engine               - fullScreen: BooleanProperty [value: false]
11:10:00.215 [FXGL Background Thread 3 ] DEBUG Engine               - gameDifficulty: MEDIUM
11:10:00.215 [FXGL Background Thread 3 ] DEBUG Engine               - gameDifficultyProperty: ObjectProperty [value: MEDIUM]
11:10:00.215 [FXGL Background Thread 3 ] DEBUG Engine               - globalMusicVolume: 0.5
11:10:00.215 [FXGL Background Thread 3 ] DEBUG Engine               - globalMusicVolumeProperty: DoubleProperty [value: 0.25]
11:10:00.215 [FXGL Background Thread 3 ] DEBUG Engine               - globalSoundVolume: 0.5
11:10:00.215 [FXGL Background Thread 3 ] DEBUG Engine               - globalSoundVolumeProperty: DoubleProperty [value: 0.5]
11:10:00.216 [FXGL Background Thread 3 ] DEBUG Engine               - height: 720
11:10:00.216 [FXGL Background Thread 3 ] DEBUG Engine               - is3D: false
11:10:00.216 [FXGL Background Thread 3 ] DEBUG Engine               - isAndroid: false
11:10:00.216 [FXGL Background Thread 3 ] DEBUG Engine               - isBrowser: false
11:10:00.216 [FXGL Background Thread 3 ] DEBUG Engine               - isClickFeedbackEnabled: false
11:10:00.216 [FXGL Background Thread 3 ] DEBUG Engine               - isCloseConfirmation: false
11:10:00.216 [FXGL Background Thread 3 ] DEBUG Engine               - isDesktop: true
11:10:00.216 [FXGL Background Thread 3 ] DEBUG Engine               - isDeveloperMenuEnabled: false
11:10:00.216 [FXGL Background Thread 3 ] DEBUG Engine               - isEntityPreloadEnabled: true
11:10:00.216 [FXGL Background Thread 3 ] DEBUG Engine               - isExperimentalTiledLargeMap: false
11:10:00.216 [FXGL Background Thread 3 ] DEBUG Engine               - isFileSystemWriteAllowed: true
11:10:00.216 [FXGL Background Thread 3 ] DEBUG Engine               - isFullScreenAllowed: false
11:10:00.217 [FXGL Background Thread 3 ] DEBUG Engine               - isFullScreenFromStart: false
11:10:00.217 [FXGL Background Thread 3 ] DEBUG Engine               - isGameMenuEnabled: true
11:10:00.217 [FXGL Background Thread 3 ] DEBUG Engine               - isIOS: false
11:10:00.217 [FXGL Background Thread 3 ] DEBUG Engine               - isIntroEnabled: false
11:10:00.217 [FXGL Background Thread 3 ] DEBUG Engine               - isLinux: false
11:10:00.217 [FXGL Background Thread 3 ] DEBUG Engine               - isMac: false
11:10:00.217 [FXGL Background Thread 3 ] DEBUG Engine               - isMainMenuEnabled: false
11:10:00.218 [FXGL Background Thread 3 ] DEBUG Engine               - isManualResizeEnabled: false
11:10:00.218 [FXGL Background Thread 3 ] DEBUG Engine               - isMobile: false
11:10:00.218 [FXGL Background Thread 3 ] DEBUG Engine               - isNative: false
11:10:00.218 [FXGL Background Thread 3 ] DEBUG Engine               - isPauseMusicWhenMinimized: true
11:10:00.218 [FXGL Background Thread 3 ] DEBUG Engine               - isPreserveResizeRatio: false
11:10:00.218 [FXGL Background Thread 3 ] DEBUG Engine               - isProfilingEnabled: false
11:10:00.218 [FXGL Background Thread 3 ] DEBUG Engine               - isScaleAffectedOnResize: true
11:10:00.218 [FXGL Background Thread 3 ] DEBUG Engine               - isSingleStep: false
11:10:00.218 [FXGL Background Thread 3 ] DEBUG Engine               - isUserProfileEnabled: false
11:10:00.218 [FXGL Background Thread 3 ] DEBUG Engine               - isWindows: true
11:10:00.218 [FXGL Background Thread 3 ] DEBUG Engine               - language: ObjectProperty [value: ENGLISH]
11:10:00.218 [FXGL Background Thread 3 ] DEBUG Engine               - menuKey: ESCAPE
11:10:00.218 [FXGL Background Thread 3 ] DEBUG Engine               - mouseSensitivity: 0.2
11:10:00.218 [FXGL Background Thread 3 ] DEBUG Engine               - notificationViewClass: class com.almasb.fxgl.notification.view.XboxNotificationView
11:10:00.219 [FXGL Background Thread 3 ] DEBUG Engine               - pixelsPerMeter: 50.0
11:10:00.219 [FXGL Background Thread 3 ] DEBUG Engine               - platform: WINDOWS
11:10:00.219 [FXGL Background Thread 3 ] DEBUG Engine               - prefHeightProperty: ReadOnlyDoubleProperty [value: 720.0]
11:10:00.219 [FXGL Background Thread 3 ] DEBUG Engine               - prefWidthProperty: ReadOnlyDoubleProperty [value: 1280.0]
11:10:00.219 [FXGL Background Thread 3 ] DEBUG Engine               - profileDir: profiles/
11:10:00.219 [FXGL Background Thread 3 ] DEBUG Engine               - profileName: StringProperty [value: DEFAULT]
11:10:00.219 [FXGL Background Thread 3 ] DEBUG Engine               - randomSeed: -1
11:10:00.219 [FXGL Background Thread 3 ] DEBUG Engine               - runtimeInfo: RuntimeInfo(platform=WINDOWS, version=11.17, build=16.07.2021 15.46)
11:10:00.219 [FXGL Background Thread 3 ] DEBUG Engine               - saveFileExt: sav
11:10:00.219 [FXGL Background Thread 3 ] DEBUG Engine               - scaledHeightProp$fxgl: DoubleProperty [bound, value: 720.0]
11:10:00.219 [FXGL Background Thread 3 ] DEBUG Engine               - scaledWidthProp$fxgl: DoubleProperty [bound, value: 1280.0]
11:10:00.220 [FXGL Background Thread 3 ] DEBUG Engine               - sceneFactory: com.leewyatt.mario.MairoApp$1@1eef78d3
11:10:00.220 [FXGL Background Thread 3 ] DEBUG Engine               - secondsIn24h: 60
11:10:00.220 [FXGL Background Thread 3 ] DEBUG Engine               - soundMenuBack: menu/back.wav
11:10:00.220 [FXGL Background Thread 3 ] DEBUG Engine               - soundMenuPress: menu/press.wav
11:10:00.220 [FXGL Background Thread 3 ] DEBUG Engine               - soundMenuSelect: menu/select.wav
11:10:00.220 [FXGL Background Thread 3 ] DEBUG Engine               - soundNotification: core/notification.wav
11:10:00.220 [FXGL Background Thread 3 ] DEBUG Engine               - stageStyle: DECORATED
11:10:00.221 [FXGL Background Thread 3 ] DEBUG Engine               - supportedLanguages: [ENGLISH, FRENCH, GERMAN, HUNGARIAN, RUSSIAN]
11:10:00.221 [FXGL Background Thread 3 ] DEBUG Engine               - ticksPerSecond: -1
11:10:00.221 [FXGL Background Thread 3 ] DEBUG Engine               - title: Untitled
11:10:00.221 [FXGL Background Thread 3 ] DEBUG Engine               - urlGithub: https://github.com/AlmasB/FXGL
11:10:00.221 [FXGL Background Thread 3 ] DEBUG Engine               - urlLeaderboard: http://fxgl-top.herokuapp.com/
11:10:00.221 [FXGL Background Thread 3 ] DEBUG Engine               - urlPOM: https://raw.githubusercontent.com/AlmasB/FXGL/release/README.md
11:10:00.221 [FXGL Background Thread 3 ] DEBUG Engine               - userAppClass: class com.leewyatt.mario.MairoApp
11:10:00.221 [FXGL Background Thread 3 ] DEBUG Engine               - version: 0.0
11:10:00.221 [FXGL Background Thread 3 ] DEBUG Engine               - versionCheckDays: 7
11:10:00.221 [FXGL Background Thread 3 ] DEBUG Engine               - width: 1280
11:10:00.221 [FXGL Background Thread 3 ] DEBUG Engine               - Logging services
11:10:00.222 [FXGL Background Thread 3 ] DEBUG Engine               - class com.almasb.fxgl.app.services.FXGLAssetLoaderService
11:10:00.222 [FXGL Background Thread 3 ] DEBUG Engine               - class com.almasb.fxgl.app.FXGLApplication$GameApplicationService
11:10:00.222 [FXGL Background Thread 3 ] DEBUG Engine               - class com.almasb.fxgl.app.services.FXGLDialogService
11:10:00.222 [FXGL Background Thread 3 ] DEBUG Engine               - class com.almasb.fxgl.app.services.IOTaskExecutorService
11:10:00.222 [FXGL Background Thread 3 ] DEBUG Engine               - class com.almasb.fxgl.io.FileSystemService
11:10:00.222 [FXGL Background Thread 3 ] DEBUG Engine               - class com.almasb.fxgl.localization.LocalizationService
11:10:00.222 [FXGL Background Thread 3 ] DEBUG Engine               - class com.almasb.fxgl.app.services.SystemBundleService
11:10:00.222 [FXGL Background Thread 3 ] DEBUG Engine               - class com.almasb.fxgl.profile.SaveLoadService
11:10:00.222 [FXGL Background Thread 3 ] DEBUG Engine               - class com.almasb.fxgl.ui.FXGLUIFactoryServiceProvider
11:10:00.222 [FXGL Background Thread 3 ] DEBUG Engine               - class com.almasb.fxgl.ui.FXGLDialogFactoryServiceProvider
11:10:00.222 [FXGL Background Thread 3 ] DEBUG Engine               - class com.almasb.fxgl.audio.AudioPlayer
11:10:00.222 [FXGL Background Thread 3 ] DEBUG Engine               - class com.almasb.fxgl.notification.impl.NotificationServiceProvider
11:10:00.223 [FXGL Background Thread 3 ] DEBUG Engine               - class com.almasb.fxgl.achievement.AchievementService
11:10:00.223 [FXGL Background Thread 3 ] DEBUG Engine               - class com.almasb.fxgl.cutscene.CutsceneService
11:10:00.223 [FXGL Background Thread 3 ] DEBUG Engine               - class com.almasb.fxgl.minigames.MiniGameService
11:10:00.223 [FXGL Background Thread 3 ] DEBUG Engine               - class com.almasb.fxgl.net.NetService
11:10:00.223 [FXGL Background Thread 3 ] DEBUG Engine               - class com.almasb.fxgl.app.services.UpdaterService
11:10:00.223 [FXGL Background Thread 3 ] DEBUG Engine               - class com.almasb.fxgl.dev.DevService
11:10:01.849 [FXGL Background Thread 2 ] INFO  UpdaterService       - Your current version:  11.17
11:10:01.849 [FXGL Background Thread 2 ] INFO  UpdaterService       - Latest stable version: 21
11:10:26.350 [JavaFX Application Thread] DEBUG FXGLAssetLoaderServi - Loading from file system: file:/C:/Users/snamo/OneDrive/Documents/GitHub/FXGL_Mario-master/target/classes/assets/sounds/coin.wav
11:10:53.755 [JavaFX Application Thread] DEBUG TMXLevelLoader       - Parsed TiledMap: file:/C:/Users/snamo/OneDrive/Documents/GitHub/FXGL_Mario-master/target/classes/assets/levels/tmx/level6.tmx
11:10:53.755 [JavaFX Application Thread] DEBUG TMXLevelLoader       - Creating tile layer entities
11:10:53.755 [JavaFX Application Thread] DEBUG TilesetLoader        - Loading view for layer 块层 1
11:10:53.756 [JavaFX Application Thread] DEBUG TilesetLoader        - Created buffer with size 2940.0x700.0
11:10:53.780 [JavaFX Application Thread] DEBUG TMXLevelLoader       - Creating object layer entities
11:10:53.796 [JavaFX Application Thread] DEBUG GameWorld            - Clearing removable entities
11:10:53.800 [JavaFX Application Thread] DEBUG GameWorld            - Setting level: com.almasb.fxgl.entity.level.Level@615bb298
11:11:22.450 [JavaFX Application Thread] DEBUG FXGLApplication      - Exiting FXGL
11:11:22.450 [JavaFX Application Thread] DEBUG LoopRunner           - Stopping loop
11:11:22.450 [JavaFX Application Thread] DEBUG SystemBundleService  - Saving FXGL system data
11:11:22.453 [JavaFX Application Thread] DEBUG FileSystemAccess     - Writing to: C:\Users\snamo\OneDrive\Documents\GitHub\FXGL_Mario-master\system\fxgl.bundle
11:11:22.457 [JavaFX Application Thread] DEBUG Async                - Shutting down background threads
11:11:22.457 [JavaFX Application Thread] DEBUG PrimaryStageWindow   - Closing main window
11:11:22.473 [JavaFX Application Thread] DEBUG Logger               - Closing Logger
