11:08:57.564 [main                     ] DEBUG Logger               - Configured Logger
11:08:57.564 [main                     ] DEBUG GameApplication      - Logging settings
Title: Untitled
Version: 0.0
Width: 1280
Height: 720
Fullscreen: false
Intro: false
Profiling: false
Single step:false
App Mode: DEVELOPER
Menu Key: ESCAPE
Stage Style: DECORATED
Scene Factory: class com.leewyatt.mario.MairoApp$1

11:08:57.991 [JavaFX Application Thread] DEBUG FXGLApplication      - Initializing FXGL
11:08:57.993 [JavaFX Application Thread] INFO  Engine               - FXGL-11.17 (16.07.2021 15.46) on WINDOWS (J:17.0.10 FX:16)
11:08:57.995 [JavaFX Application Thread] DEBUG Engine               - JRE Vendor Name: Eclipse Adoptium
11:08:57.995 [JavaFX Application Thread] DEBUG Engine               - Running on OS: Windows 11 version 10.0
11:08:57.995 [JavaFX Application Thread] DEBUG Engine               - Architecture: amd64
11:08:57.995 [JavaFX Application Thread] INFO  Engine               - Source code and latest versions at: https://github.com/AlmasB/FXGL
11:08:57.996 [JavaFX Application Thread] INFO  Engine               -              Join the FXGL chat at: https://gitter.im/AlmasB/FXGL
11:08:58.115 [JavaFX Application Thread] DEBUG PrimaryStageWindow   - Creating a JavaFX scene
11:08:58.172 [JavaFX Application Thread] DEBUG PrimaryStageWindow   - Target settings size: 1280.0 x 720.0
11:08:58.173 [JavaFX Application Thread] DEBUG PrimaryStageWindow   - Scaled scene size:    1280.0 x 720.0
11:08:58.173 [JavaFX Application Thread] DEBUG PrimaryStageWindow   - Scaled ratio: (1.0, 1.0)
11:08:58.174 [JavaFX Application Thread] DEBUG PrimaryStageWindow   - Set initial scene to FXGLStartupScene
11:08:58.182 [JavaFX Application Thread] DEBUG PrimaryStageWindow   - Opening main window
11:08:58.293 [JavaFX Application Thread] DEBUG PrimaryStageWindow   - Window border size: (14.4000244140625, 37.5999755859375)
11:08:58.293 [JavaFX Application Thread] DEBUG PrimaryStageWindow   - Scaled size: 1280.0 x 720.0
11:08:58.293 [JavaFX Application Thread] DEBUG PrimaryStageWindow   - Scaled ratio: (1.0, 1.0)
11:08:58.295 [JavaFX Application Thread] DEBUG PrimaryStageWindow   - Scene size: 1280.0 x 720.0
11:08:58.295 [JavaFX Application Thread] DEBUG PrimaryStageWindow   - Stage size: 1294.4000244140625 x 757.5999755859375
11:08:58.305 [FXGL Background Thread 1 ] DEBUG Engine               - Initializing environment variables
11:08:58.364 [FXGL Background Thread 1 ] DEBUG FXGLAssetLoaderServi - User app class for loading assets: class com.leewyatt.mario.MairoApp
11:08:58.365 [FXGL Background Thread 1 ] DEBUG GameApplicationServi - Applying CSS: fxgl_dark.css
11:08:58.366 [FXGL Background Thread 1 ] DEBUG FXGLAssetLoaderServi - Loading from file system: jar:file:///C:/Users/snamo/.m2/repository/com/github/almasb/fxgl/11.17/fxgl-11.17.jar!/fxglassets/ui/css/fxgl_dark.css
11:08:58.425 [FXGL Background Thread 1 ] DEBUG GameApplicationServi - Initializing application scenes
11:08:58.472 [FXGL Background Thread 1 ] DEBUG GameWorld            - Game world initialized
11:08:58.535 [FXGL Background Thread 1 ] DEBUG PhysicsWorld         - Physics world initialized: appHeight=720, physics.ppm=50.0
11:08:58.535 [FXGL Background Thread 1 ] DEBUG PhysicsWorld         - Using strategy: BRUTE_FORCE
11:08:58.538 [FXGL Background Thread 1 ] DEBUG GameScene            - Game scene initialized: 1280x720
11:08:58.549 [FXGL Background Thread 1 ] DEBUG FXGL.DefaultMenu     - createMenuBodyGameMenu()
11:08:58.577 [FXGL Background Thread 1 ] DEBUG FXGL.DefaultMenu     - createOptionsMenu()
11:08:58.590 [FXGL Background Thread 1 ] DEBUG FXGLAssetLoaderServi - Loading from file system: jar:file:///C:/Users/snamo/.m2/repository/com/github/almasb/fxgl/11.17/fxgl-11.17.jar!/fxglassets/textures/particles/smoke.png
11:08:58.695 [FXGL Background Thread 1 ] DEBUG FXGLAssetLoaderServi - Loading from file system: jar:file:///C:/Users/snamo/.m2/repository/com/github/almasb/fxgl/11.17/fxgl-11.17.jar!/fxglassets/textures/particles/trace_horizontal.png
11:08:58.731 [FXGL Background Thread 1 ] DEBUG GameApplicationServi - Application scenes initialized
11:08:58.743 [FXGL Background Thread 1 ] DEBUG SystemBundleService  - Loading FXGL system data
11:08:58.750 [FXGL Background Thread 1 ] DEBUG FileSystemAccess     - Reading from: C:\Users\snamo\OneDrive\Documents\GitHub\FXGL_Mario-master\system\fxgl.bundle
11:08:58.758 [FXGL Background Thread 1 ] DEBUG SystemBundleService  - Bundle FXGL: {}
11:08:58.758 [FXGL Background Thread 1 ] DEBUG UpdaterService       - Checking for updates
11:08:58.771 [FXGL Background Thread 4 ] DEBUG FXGLApplication      - Loading fonts
11:08:58.771 [FXGL Background Thread 4 ] DEBUG FXGLAssetLoaderServi - Loading from file system: jar:file:///C:/Users/snamo/.m2/repository/com/github/almasb/fxgl/11.17/fxgl-11.17.jar!/fxglassets/ui/fonts/VarelaRound-Regular.ttf
11:08:58.771 [FXGL Background Thread 1 ] DEBUG FXGLApplication      - Loading default localization
11:08:58.772 [FXGL Background Thread 1 ] DEBUG FXGLAssetLoaderServi - Loading from file system: jar:file:///C:/Users/snamo/.m2/repository/com/github/almasb/fxgl/11.17/fxgl-11.17.jar!/fxglassets/languages/english.lang
11:08:58.789 [FXGL Background Thread 1 ] INFO  FXGLApplication      - FXGL initialization took: 0.484 sec
11:08:58.802 [JavaFX Application Thread] DEBUG Input                - Registered new binding: left - A
11:08:58.803 [JavaFX Application Thread] DEBUG Input                - Registered new binding: right - D
11:08:58.803 [JavaFX Application Thread] DEBUG Input                - Registered new binding: jump - W
11:08:58.803 [JavaFX Application Thread] DEBUG Input                - Registered new binding: Use - E
11:08:58.810 [JavaFX Application Thread] WARN  FXGLAssetLoaderServi - Asset "/assets/music/BGM_dash_runner.wav" was not found!
11:08:58.810 [JavaFX Application Thread] WARN  FXGLAssetLoaderServi - Failed to load MUSIC
11:08:58.812 [JavaFX Application Thread] DEBUG AudioPlayer          - Playing music com.almasb.fxgl.audio.Music@7f4a97bc
11:08:58.813 [JavaFX Application Thread] DEBUG FXGLAssetLoaderServi - Loading from file system: jar:file:///C:/Users/snamo/.m2/repository/com/github/almasb/fxgl/11.17/fxgl-11.17.jar!/fxglassets/textures/fxgl_icon.png
11:08:58.835 [JavaFX Application Thread] DEBUG FXGLAssetLoaderServi - Loading from file system: jar:file:///C:/Users/snamo/.m2/repository/com/github/almasb/fxgl/11.17/fxgl-11.17.jar!/fxglassets/textures/fxgl_default_cursor.png
11:08:58.838 [JavaFX Application Thread] DEBUG Input                - Registered new binding: Screenshot - CTRL+8
11:08:58.839 [JavaFX Application Thread] DEBUG Input                - Registered new binding: System info dump - CTRL+9
11:08:58.839 [JavaFX Application Thread] DEBUG Input                - Registered new binding: Restart - CTRL+R
11:08:58.840 [JavaFX Application Thread] DEBUG Input                - Registered new binding: Toggle Debug Camera - CTRL+C
11:08:58.843 [JavaFX Application Thread] DEBUG LoopRunner           - Starting loop
11:08:58.844 [JavaFX Application Thread] DEBUG LoopRunner           - Initializing JavaFX AnimationTimerLoop
11:08:58.845 [JavaFX Application Thread] DEBUG GameApplicationServi - Starting new game
11:08:58.846 [JavaFX Application Thread] DEBUG Input                - Clearing active input actions
11:08:58.858 [JavaFX Application Thread] DEBUG GameApplicationServi - Removing overlay from FXGLStartupScene and adding to MarioLoadingScene
11:08:58.858 [JavaFX Application Thread] DEBUG PrimaryStageWindow   - FXGLStartupScene -> MarioLoadingScene
11:08:58.859 [JavaFX Application Thread] DEBUG GameApplicationServi - Clearing previous game
11:08:58.859 [JavaFX Application Thread] DEBUG GameScene            - Clearing game scene
11:08:58.859 [JavaFX Application Thread] DEBUG GameWorld            - Clearing game world
11:08:58.859 [JavaFX Application Thread] DEBUG PhysicsWorld         - Clearing physics world
11:08:58.862 [FXGL Background Thread 1 ] DEBUG FXGLApplication      - Initializing game
11:08:58.868 [FXGL Background Thread 1 ] WARN  FXGLAssetLoaderServi - Asset "/assets/textures/ice/ice_disappear.png" was not found!
11:08:58.869 [FXGL Background Thread 1 ] WARN  FXGLAssetLoaderServi - Failed to load RESIZABLE_IMAGE
11:08:58.901 [FXGL Background Thread 4 ] DEBUG FXGLAssetLoaderServi - Loading from file system: jar:file:///C:/Users/snamo/.m2/repository/com/github/almasb/fxgl/11.17/fxgl-11.17.jar!/fxglassets/ui/fonts/Abel-Regular.ttf
11:08:58.903 [FXGL Background Thread 4 ] DEBUG FXGLAssetLoaderServi - Loading from file system: jar:file:///C:/Users/snamo/.m2/repository/com/github/almasb/fxgl/11.17/fxgl-11.17.jar!/fxglassets/ui/fonts/lucida_console.ttf
11:08:58.909 [FXGL Background Thread 4 ] DEBUG FXGLAssetLoaderServi - Loading from file system: jar:file:///C:/Users/snamo/.m2/repository/com/github/almasb/fxgl/11.17/fxgl-11.17.jar!/fxglassets/ui/fonts/Courier-Prime.ttf
11:08:58.944 [JavaFX Application Thread] DEBUG FXGLApplication      - Registering font factories with UI factory
11:08:58.944 [FXGL Background Thread 1 ] WARN  FXGLAssetLoaderServi - Asset "/assets/textures/ice/iceWater.png" was not found!
11:08:58.944 [FXGL Background Thread 1 ] WARN  FXGLAssetLoaderServi - Failed to load IMAGE
11:08:58.944 [FXGL Background Thread 1 ] WARN  FXGLAssetLoaderServi - Asset "/assets/textures/ice/collideCoin.png" was not found!
11:08:58.945 [FXGL Background Thread 1 ] WARN  FXGLAssetLoaderServi - Failed to load IMAGE
11:08:58.953 [FXGL Background Thread 1 ] WARN  FXGLAssetLoaderServi - Asset "/assets/levels/tmx/level6.tmx" was not found!
11:08:58.972 [JavaFX Application Thread] DEBUG LoopRunner           - Stopping loop
11:08:58.974 [JavaFX Application Thread] FATAL FXGLApplication      - Uncaught Exception:
java.lang.RuntimeException: Initialization failed
	at com.almasb.fxgl.all/com.almasb.fxgl.app.FXGLApplication$InitAppTask.failed(FXGLApplication.kt:343)
	at javafx.graphics/javafx.concurrent.Task.setState(Task.java:710)
	at javafx.graphics/javafx.concurrent.Task$TaskCallable.lambda$call$2(Task.java:1455)
	at javafx.graphics/com.sun.javafx.application.PlatformImpl.lambda$runLater$10(PlatformImpl.java:447)
	at java.base/java.security.AccessController.doPrivileged(Unknown Source)
	at javafx.graphics/com.sun.javafx.application.PlatformImpl.lambda$runLater$11(PlatformImpl.java:446)
	at javafx.graphics/com.sun.glass.ui.InvokeLaterDispatcher$Future.run(InvokeLaterDispatcher.java:96)
	at javafx.graphics/com.sun.glass.ui.win.WinApplication._runLoop(Native Method)
	at javafx.graphics/com.sun.glass.ui.win.WinApplication.lambda$runLoop$3(WinApplication.java:174)
	at java.base/java.lang.Thread.run(Unknown Source)
Caused by: java.lang.IllegalArgumentException: Loading level failed. Asset not found: tmx/level6.tmx
	at com.almasb.fxgl.all/com.almasb.fxgl.app.services.FXGLAssetLoaderService.loadLevel(FXGLAssetLoaderService.kt:443)
	at com.almasb.fxgl.all/com.almasb.fxgl.dsl.FXGL$Companion.setLevelFromMap(FXGL.kt:521)
	at com.almasb.fxgl.all/com.almasb.fxgl.dsl.FXGL.setLevelFromMap(FXGL.kt)
	at FXGL.Mario/com.leewyatt.mario.MairoApp.setLevel(MairoApp.java:289)
	at FXGL.Mario/com.leewyatt.mario.MairoApp.nextLevel(MairoApp.java:279)
	at FXGL.Mario/com.leewyatt.mario.MairoApp.initGame(MairoApp.java:319)
	at com.almasb.fxgl.all/com.almasb.fxgl.app.FXGLApplication$InitAppTask.initGame(FXGLApplication.kt:339)
	at com.almasb.fxgl.all/com.almasb.fxgl.app.FXGLApplication$InitAppTask.call(FXGLApplication.kt:319)
	at com.almasb.fxgl.all/com.almasb.fxgl.app.FXGLApplication$InitAppTask.call(FXGLApplication.kt:311)
	at javafx.graphics/javafx.concurrent.Task$TaskCallable.call(Task.java:1425)
	at java.base/java.util.concurrent.FutureTask.run(Unknown Source)
	at java.base/java.util.concurrent.Executors$RunnableAdapter.call(Unknown Source)
	at java.base/java.util.concurrent.FutureTask.run(Unknown Source)
	at java.base/java.util.concurrent.ThreadPoolExecutor.runWorker(Unknown Source)
	at java.base/java.util.concurrent.ThreadPoolExecutor$Worker.run(Unknown Source)
	... 1 more

11:08:58.977 [JavaFX Application Thread] FATAL FXGLApplication      - Application will now exit
11:08:58.997 [JavaFX Application Thread] DEBUG PrimaryStageWindow   - Push state: ErrorSubScene
11:08:58.997 [JavaFX Application Thread] DEBUG Input                - Clearing active input actions
11:08:59.003 [JavaFX Application Thread] DEBUG GameApplicationServi - Removing overlay from MarioLoadingScene and adding to ErrorSubScene
11:08:59.004 [JavaFX Application Thread] DEBUG PrimaryStageWindow   - MarioLoadingScene -> ErrorSubScene
11:09:01.763 [FXGL Background Thread 3 ] DEBUG Engine               - Logging environment variables
11:09:01.765 [FXGL Background Thread 3 ] DEBUG Engine               - achievements: []
11:09:01.765 [FXGL Background Thread 3 ] DEBUG Engine               - actualHeight: 720.0
11:09:01.766 [FXGL Background Thread 3 ] DEBUG Engine               - actualHeightProperty: ReadOnlyDoubleProperty [value: 720.0]
11:09:01.766 [FXGL Background Thread 3 ] DEBUG Engine               - actualWidth: 1280.0
11:09:01.766 [FXGL Background Thread 3 ] DEBUG Engine               - actualWidthProperty: ReadOnlyDoubleProperty [value: 1280.0]
11:09:01.767 [FXGL Background Thread 3 ] DEBUG Engine               - appIcon: fxgl_icon.png
11:09:01.767 [FXGL Background Thread 3 ] DEBUG Engine               - applicationMode: DEVELOPER
11:09:01.767 [FXGL Background Thread 3 ] DEBUG Engine               - cSSList: [fxgl_dark.css]
11:09:01.768 [FXGL Background Thread 3 ] DEBUG Engine               - collisionDetectionStrategy: BRUTE_FORCE
11:09:01.768 [FXGL Background Thread 3 ] DEBUG Engine               - configClass: Optional.empty
11:09:01.769 [FXGL Background Thread 3 ] DEBUG Engine               - credits: []
11:09:01.769 [FXGL Background Thread 3 ] DEBUG Engine               - defaultCursor: CursorInfo(imageName=fxgl_default_cursor.png, hotspotX=7.0, hotspotY=6.0)
11:09:01.770 [FXGL Background Thread 3 ] DEBUG Engine               - devBBoxColorProperty: ObjectProperty [value: 0xff0000ff]
11:09:01.771 [FXGL Background Thread 3 ] DEBUG Engine               - devEnableDebugCameraProperty: BooleanProperty [value: false]
11:09:01.771 [FXGL Background Thread 3 ] DEBUG Engine               - devSensorColorProperty: ObjectProperty [value: 0xffff00ff]
11:09:01.772 [FXGL Background Thread 3 ] DEBUG Engine               - devShowBBoxProperty: BooleanProperty [value: false]
11:09:01.772 [FXGL Background Thread 3 ] DEBUG Engine               - devShowPositionProperty: BooleanProperty [value: false]
11:09:01.773 [FXGL Background Thread 3 ] DEBUG Engine               - enabledMenuItems: []
11:09:01.773 [FXGL Background Thread 3 ] DEBUG Engine               - engineServices: [class com.almasb.fxgl.app.services.FXGLAssetLoaderService, class com.almasb.fxgl.app.FXGLApplication$GameApplicationService, class com.almasb.fxgl.app.services.FXGLDialogService, class com.almasb.fxgl.app.services.IOTaskExecutorService, class com.almasb.fxgl.io.FileSystemService, class com.almasb.fxgl.localization.LocalizationService, class com.almasb.fxgl.app.services.SystemBundleService, class com.almasb.fxgl.profile.SaveLoadService, class com.almasb.fxgl.ui.FXGLUIFactoryServiceProvider, class com.almasb.fxgl.ui.FXGLDialogFactoryServiceProvider, class com.almasb.fxgl.audio.AudioPlayer, class com.almasb.fxgl.notification.impl.NotificationServiceProvider, class com.almasb.fxgl.achievement.AchievementService, class com.almasb.fxgl.cutscene.CutsceneService, class com.almasb.fxgl.minigames.MiniGameService, class com.almasb.fxgl.net.NetService, class com.almasb.fxgl.app.services.UpdaterService, class com.almasb.fxgl.dev.DevService]
11:09:01.774 [FXGL Background Thread 3 ] DEBUG Engine               - fontGame: Abel-Regular.ttf
11:09:01.774 [FXGL Background Thread 3 ] DEBUG Engine               - fontMono: lucida_console.ttf
11:09:01.774 [FXGL Background Thread 3 ] DEBUG Engine               - fontText: Courier-Prime.ttf
11:09:01.774 [FXGL Background Thread 3 ] DEBUG Engine               - fontUI: VarelaRound-Regular.ttf
11:09:01.775 [FXGL Background Thread 3 ] DEBUG Engine               - fullScreen: BooleanProperty [value: false]
11:09:01.775 [FXGL Background Thread 3 ] DEBUG Engine               - gameDifficulty: MEDIUM
11:09:01.775 [FXGL Background Thread 3 ] DEBUG Engine               - gameDifficultyProperty: ObjectProperty [value: MEDIUM]
11:09:01.775 [FXGL Background Thread 3 ] DEBUG Engine               - globalMusicVolume: 0.5
11:09:01.776 [FXGL Background Thread 3 ] DEBUG Engine               - globalMusicVolumeProperty: DoubleProperty [value: 0.25]
11:09:01.776 [FXGL Background Thread 3 ] DEBUG Engine               - globalSoundVolume: 0.5
11:09:01.776 [FXGL Background Thread 3 ] DEBUG Engine               - globalSoundVolumeProperty: DoubleProperty [value: 0.5]
11:09:01.776 [FXGL Background Thread 3 ] DEBUG Engine               - height: 720
11:09:01.776 [FXGL Background Thread 3 ] DEBUG Engine               - is3D: false
11:09:01.776 [FXGL Background Thread 3 ] DEBUG Engine               - isAndroid: false
11:09:01.776 [FXGL Background Thread 3 ] DEBUG Engine               - isBrowser: false
11:09:01.776 [FXGL Background Thread 3 ] DEBUG Engine               - isClickFeedbackEnabled: false
11:09:01.776 [FXGL Background Thread 3 ] DEBUG Engine               - isCloseConfirmation: false
11:09:01.776 [FXGL Background Thread 3 ] DEBUG Engine               - isDesktop: true
11:09:01.777 [FXGL Background Thread 3 ] DEBUG Engine               - isDeveloperMenuEnabled: false
11:09:01.777 [FXGL Background Thread 3 ] DEBUG Engine               - isEntityPreloadEnabled: true
11:09:01.777 [FXGL Background Thread 3 ] DEBUG Engine               - isExperimentalTiledLargeMap: false
11:09:01.777 [FXGL Background Thread 3 ] DEBUG Engine               - isFileSystemWriteAllowed: true
11:09:01.777 [FXGL Background Thread 3 ] DEBUG Engine               - isFullScreenAllowed: false
11:09:01.777 [FXGL Background Thread 3 ] DEBUG Engine               - isFullScreenFromStart: false
11:09:01.777 [FXGL Background Thread 3 ] DEBUG Engine               - isGameMenuEnabled: true
11:09:01.777 [FXGL Background Thread 3 ] DEBUG Engine               - isIOS: false
11:09:01.777 [FXGL Background Thread 3 ] DEBUG Engine               - isIntroEnabled: false
11:09:01.778 [FXGL Background Thread 3 ] DEBUG Engine               - isLinux: false
11:09:01.778 [FXGL Background Thread 3 ] DEBUG Engine               - isMac: false
11:09:01.778 [FXGL Background Thread 3 ] DEBUG Engine               - isMainMenuEnabled: false
11:09:01.778 [FXGL Background Thread 3 ] DEBUG Engine               - isManualResizeEnabled: false
11:09:01.778 [FXGL Background Thread 3 ] DEBUG Engine               - isMobile: false
11:09:01.778 [FXGL Background Thread 3 ] DEBUG Engine               - isNative: false
11:09:01.778 [FXGL Background Thread 3 ] DEBUG Engine               - isPauseMusicWhenMinimized: true
11:09:01.778 [FXGL Background Thread 3 ] DEBUG Engine               - isPreserveResizeRatio: false
11:09:01.778 [FXGL Background Thread 3 ] DEBUG Engine               - isProfilingEnabled: false
11:09:01.778 [FXGL Background Thread 3 ] DEBUG Engine               - isScaleAffectedOnResize: true
11:09:01.778 [FXGL Background Thread 3 ] DEBUG Engine               - isSingleStep: false
11:09:01.778 [FXGL Background Thread 3 ] DEBUG Engine               - isUserProfileEnabled: false
11:09:01.778 [FXGL Background Thread 3 ] DEBUG Engine               - isWindows: true
11:09:01.779 [FXGL Background Thread 3 ] DEBUG Engine               - language: ObjectProperty [value: ENGLISH]
11:09:01.779 [FXGL Background Thread 3 ] DEBUG Engine               - menuKey: ESCAPE
11:09:01.779 [FXGL Background Thread 3 ] DEBUG Engine               - mouseSensitivity: 0.2
11:09:01.779 [FXGL Background Thread 3 ] DEBUG Engine               - notificationViewClass: class com.almasb.fxgl.notification.view.XboxNotificationView
11:09:01.779 [FXGL Background Thread 3 ] DEBUG Engine               - pixelsPerMeter: 50.0
11:09:01.779 [FXGL Background Thread 3 ] DEBUG Engine               - platform: WINDOWS
11:09:01.779 [FXGL Background Thread 3 ] DEBUG Engine               - prefHeightProperty: ReadOnlyDoubleProperty [value: 720.0]
11:09:01.779 [FXGL Background Thread 3 ] DEBUG Engine               - prefWidthProperty: ReadOnlyDoubleProperty [value: 1280.0]
11:09:01.779 [FXGL Background Thread 3 ] DEBUG Engine               - profileDir: profiles/
11:09:01.779 [FXGL Background Thread 3 ] DEBUG Engine               - profileName: StringProperty [value: DEFAULT]
11:09:01.779 [FXGL Background Thread 3 ] DEBUG Engine               - randomSeed: -1
11:09:01.779 [FXGL Background Thread 3 ] DEBUG Engine               - runtimeInfo: RuntimeInfo(platform=WINDOWS, version=11.17, build=16.07.2021 15.46)
11:09:01.780 [FXGL Background Thread 3 ] DEBUG Engine               - saveFileExt: sav
11:09:01.780 [FXGL Background Thread 3 ] DEBUG Engine               - scaledHeightProp$fxgl: DoubleProperty [bound, value: 720.0]
11:09:01.780 [FXGL Background Thread 3 ] DEBUG Engine               - scaledWidthProp$fxgl: DoubleProperty [bound, value: 1280.0]
11:09:01.780 [FXGL Background Thread 3 ] DEBUG Engine               - sceneFactory: com.leewyatt.mario.MairoApp$1@6b0e9bdb
11:09:01.780 [FXGL Background Thread 3 ] DEBUG Engine               - secondsIn24h: 60
11:09:01.780 [FXGL Background Thread 3 ] DEBUG Engine               - soundMenuBack: menu/back.wav
11:09:01.780 [FXGL Background Thread 3 ] DEBUG Engine               - soundMenuPress: menu/press.wav
11:09:01.780 [FXGL Background Thread 3 ] DEBUG Engine               - soundMenuSelect: menu/select.wav
11:09:01.780 [FXGL Background Thread 3 ] DEBUG Engine               - soundNotification: core/notification.wav
11:09:01.780 [FXGL Background Thread 3 ] DEBUG Engine               - stageStyle: DECORATED
11:09:01.780 [FXGL Background Thread 3 ] DEBUG Engine               - supportedLanguages: [ENGLISH, FRENCH, GERMAN, HUNGARIAN, RUSSIAN]
11:09:01.780 [FXGL Background Thread 3 ] DEBUG Engine               - ticksPerSecond: -1
11:09:01.781 [FXGL Background Thread 3 ] DEBUG Engine               - title: Untitled
11:09:01.781 [FXGL Background Thread 3 ] DEBUG Engine               - urlGithub: https://github.com/AlmasB/FXGL
11:09:01.781 [FXGL Background Thread 3 ] DEBUG Engine               - urlLeaderboard: http://fxgl-top.herokuapp.com/
11:09:01.781 [FXGL Background Thread 3 ] DEBUG Engine               - urlPOM: https://raw.githubusercontent.com/AlmasB/FXGL/release/README.md
11:09:01.781 [FXGL Background Thread 3 ] DEBUG Engine               - userAppClass: class com.leewyatt.mario.MairoApp
11:09:01.781 [FXGL Background Thread 3 ] DEBUG Engine               - version: 0.0
11:09:01.781 [FXGL Background Thread 3 ] DEBUG Engine               - versionCheckDays: 7
11:09:01.781 [FXGL Background Thread 3 ] DEBUG Engine               - width: 1280
11:09:01.781 [FXGL Background Thread 3 ] DEBUG Engine               - Logging services
11:09:01.781 [FXGL Background Thread 3 ] DEBUG Engine               - class com.almasb.fxgl.app.services.FXGLAssetLoaderService
11:09:01.781 [FXGL Background Thread 3 ] DEBUG Engine               - class com.almasb.fxgl.app.FXGLApplication$GameApplicationService
11:09:01.781 [FXGL Background Thread 3 ] DEBUG Engine               - class com.almasb.fxgl.app.services.FXGLDialogService
11:09:01.781 [FXGL Background Thread 3 ] DEBUG Engine               - class com.almasb.fxgl.app.services.IOTaskExecutorService
11:09:01.782 [FXGL Background Thread 3 ] DEBUG Engine               - class com.almasb.fxgl.io.FileSystemService
11:09:01.782 [FXGL Background Thread 3 ] DEBUG Engine               - class com.almasb.fxgl.localization.LocalizationService
11:09:01.782 [FXGL Background Thread 3 ] DEBUG Engine               - class com.almasb.fxgl.app.services.SystemBundleService
11:09:01.782 [FXGL Background Thread 3 ] DEBUG Engine               - class com.almasb.fxgl.profile.SaveLoadService
11:09:01.782 [FXGL Background Thread 3 ] DEBUG Engine               - class com.almasb.fxgl.ui.FXGLUIFactoryServiceProvider
11:09:01.782 [FXGL Background Thread 3 ] DEBUG Engine               - class com.almasb.fxgl.ui.FXGLDialogFactoryServiceProvider
11:09:01.782 [FXGL Background Thread 3 ] DEBUG Engine               - class com.almasb.fxgl.audio.AudioPlayer
11:09:01.782 [FXGL Background Thread 3 ] DEBUG Engine               - class com.almasb.fxgl.notification.impl.NotificationServiceProvider
11:09:01.782 [FXGL Background Thread 3 ] DEBUG Engine               - class com.almasb.fxgl.achievement.AchievementService
11:09:01.782 [FXGL Background Thread 3 ] DEBUG Engine               - class com.almasb.fxgl.cutscene.CutsceneService
11:09:01.782 [FXGL Background Thread 3 ] DEBUG Engine               - class com.almasb.fxgl.minigames.MiniGameService
11:09:01.782 [FXGL Background Thread 3 ] DEBUG Engine               - class com.almasb.fxgl.net.NetService
11:09:01.782 [FXGL Background Thread 3 ] DEBUG Engine               - class com.almasb.fxgl.app.services.UpdaterService
11:09:01.782 [FXGL Background Thread 3 ] DEBUG Engine               - class com.almasb.fxgl.dev.DevService
11:09:03.647 [FXGL Background Thread 2 ] INFO  UpdaterService       - Your current version:  11.17
11:09:03.648 [FXGL Background Thread 2 ] INFO  UpdaterService       - Latest stable version: 21
11:09:29.454 [JavaFX Application Thread] DEBUG FXGLApplication      - Exiting FXGL
11:09:29.454 [JavaFX Application Thread] DEBUG Async                - Shutting down background threads
11:09:29.455 [JavaFX Application Thread] DEBUG PrimaryStageWindow   - Closing main window
11:09:29.482 [JavaFX Application Thread] DEBUG Logger               - Closing Logger
