08:52:57.010 [main                     ] DEBUG Logger               - Configured Logger
08:52:57.010 [main                     ] DEBUG GameApplication      - Logging settings
Title: Untitled
Version: 0.0
Width: 1280
Height: 720
Fullscreen: false
Intro: false
Profiling: false
Single step:false
App Mode: DEVELOPER
Menu Key: ESCAPE
Stage Style: DECORATED
Scene Factory: class com.leewyatt.mario.MairoApp$1

08:52:59.197 [JavaFX Application Thread] DEBUG FXGLApplication      - Initializing FXGL
08:52:59.198 [JavaFX Application Thread] INFO  Engine               - FXGL-11.17 (16.07.2021 15.46) on WINDOWS (J:17.0.10 FX:16)
08:52:59.199 [JavaFX Application Thread] DEBUG Engine               - JRE Vendor Name: Eclipse Adoptium
08:52:59.199 [JavaFX Application Thread] DEBUG Engine               - Running on OS: Windows 11 version 10.0
08:52:59.199 [JavaFX Application Thread] DEBUG Engine               - Architecture: amd64
08:52:59.199 [JavaFX Application Thread] INFO  Engine               - Source code and latest versions at: https://github.com/AlmasB/FXGL
08:52:59.200 [JavaFX Application Thread] INFO  Engine               -              Join the FXGL chat at: https://gitter.im/AlmasB/FXGL
08:52:59.259 [JavaFX Application Thread] DEBUG PrimaryStageWindow   - Creating a JavaFX scene
08:52:59.402 [JavaFX Application Thread] DEBUG PrimaryStageWindow   - Target settings size: 1280.0 x 720.0
08:52:59.402 [JavaFX Application Thread] DEBUG PrimaryStageWindow   - Scaled scene size:    1280.0 x 720.0
08:52:59.402 [JavaFX Application Thread] DEBUG PrimaryStageWindow   - Scaled ratio: (1.0, 1.0)
08:52:59.403 [JavaFX Application Thread] DEBUG PrimaryStageWindow   - Set initial scene to FXGLStartupScene
08:52:59.408 [JavaFX Application Thread] DEBUG PrimaryStageWindow   - Opening main window
08:52:59.474 [JavaFX Application Thread] DEBUG PrimaryStageWindow   - Window border size: (14.4000244140625, 37.5999755859375)
08:52:59.474 [JavaFX Application Thread] DEBUG PrimaryStageWindow   - Scaled size: 1280.0 x 720.0
08:52:59.474 [JavaFX Application Thread] DEBUG PrimaryStageWindow   - Scaled ratio: (1.0, 1.0)
08:52:59.474 [JavaFX Application Thread] DEBUG PrimaryStageWindow   - Scene size: 1280.0 x 720.0
08:52:59.474 [JavaFX Application Thread] DEBUG PrimaryStageWindow   - Stage size: 1294.4000244140625 x 757.5999755859375
08:52:59.481 [FXGL Background Thread 1 ] DEBUG Engine               - Initializing environment variables
08:52:59.516 [FXGL Background Thread 1 ] DEBUG FXGLAssetLoaderServi - User app class for loading assets: class com.leewyatt.mario.MairoApp
08:52:59.516 [FXGL Background Thread 1 ] DEBUG GameApplicationServi - Applying CSS: fxgl_dark.css
08:52:59.516 [FXGL Background Thread 1 ] DEBUG FXGLAssetLoaderServi - Loading from file system: jar:file:///C:/Users/snamo/.m2/repository/com/github/almasb/fxgl/11.17/fxgl-11.17.jar!/fxglassets/ui/css/fxgl_dark.css
08:52:59.552 [FXGL Background Thread 1 ] DEBUG GameApplicationServi - Initializing application scenes
08:52:59.583 [FXGL Background Thread 1 ] DEBUG GameWorld            - Game world initialized
08:52:59.614 [FXGL Background Thread 1 ] DEBUG PhysicsWorld         - Physics world initialized: appHeight=720, physics.ppm=50.0
08:52:59.614 [FXGL Background Thread 1 ] DEBUG PhysicsWorld         - Using strategy: BRUTE_FORCE
08:52:59.616 [FXGL Background Thread 1 ] DEBUG GameScene            - Game scene initialized: 1280x720
08:52:59.624 [FXGL Background Thread 1 ] DEBUG FXGL.DefaultMenu     - createMenuBodyGameMenu()
08:52:59.647 [FXGL Background Thread 1 ] DEBUG FXGL.DefaultMenu     - createOptionsMenu()
08:52:59.660 [FXGL Background Thread 1 ] DEBUG FXGLAssetLoaderServi - Loading from file system: jar:file:///C:/Users/snamo/.m2/repository/com/github/almasb/fxgl/11.17/fxgl-11.17.jar!/fxglassets/textures/particles/smoke.png
08:52:59.742 [FXGL Background Thread 1 ] DEBUG FXGLAssetLoaderServi - Loading from file system: jar:file:///C:/Users/snamo/.m2/repository/com/github/almasb/fxgl/11.17/fxgl-11.17.jar!/fxglassets/textures/particles/trace_horizontal.png
08:52:59.759 [FXGL Background Thread 1 ] DEBUG GameApplicationServi - Application scenes initialized
08:52:59.767 [FXGL Background Thread 1 ] DEBUG SystemBundleService  - Loading FXGL system data
08:52:59.774 [FXGL Background Thread 1 ] DEBUG FileSystemAccess     - Reading from: C:\Users\snamo\OneDrive\Documents\GitHub\FXGL_Mario-master\system\fxgl.bundle
08:52:59.784 [FXGL Background Thread 1 ] DEBUG SystemBundleService  - Bundle FXGL: {}
08:52:59.784 [FXGL Background Thread 1 ] DEBUG UpdaterService       - Checking for updates
08:52:59.790 [FXGL Background Thread 4 ] DEBUG FXGLApplication      - Loading fonts
08:52:59.790 [FXGL Background Thread 4 ] DEBUG FXGLAssetLoaderServi - Loading from file system: jar:file:///C:/Users/snamo/.m2/repository/com/github/almasb/fxgl/11.17/fxgl-11.17.jar!/fxglassets/ui/fonts/VarelaRound-Regular.ttf
08:52:59.790 [FXGL Background Thread 1 ] DEBUG FXGLApplication      - Loading default localization
08:52:59.791 [FXGL Background Thread 1 ] DEBUG FXGLAssetLoaderServi - Loading from file system: jar:file:///C:/Users/snamo/.m2/repository/com/github/almasb/fxgl/11.17/fxgl-11.17.jar!/fxglassets/languages/english.lang
08:52:59.801 [FXGL Background Thread 1 ] INFO  FXGLApplication      - FXGL initialization took: 0.320 sec
08:52:59.812 [JavaFX Application Thread] DEBUG Input                - Registered new binding: left - A
08:52:59.812 [JavaFX Application Thread] DEBUG Input                - Registered new binding: right - D
08:52:59.812 [JavaFX Application Thread] DEBUG Input                - Registered new binding: jump - W
08:52:59.812 [JavaFX Application Thread] DEBUG Input                - Registered new binding: Use - E
08:52:59.812 [JavaFX Application Thread] DEBUG FXGLAssetLoaderServi - Loading from file system: file:/C:/Users/snamo/OneDrive/Documents/GitHub/FXGL_Mario-master/target/classes/assets/music/BGM_dash_runner.wav
08:52:59.888 [FXGL Background Thread 4 ] DEBUG FXGLAssetLoaderServi - Loading from file system: jar:file:///C:/Users/snamo/.m2/repository/com/github/almasb/fxgl/11.17/fxgl-11.17.jar!/fxglassets/ui/fonts/Abel-Regular.ttf
08:52:59.890 [FXGL Background Thread 4 ] DEBUG FXGLAssetLoaderServi - Loading from file system: jar:file:///C:/Users/snamo/.m2/repository/com/github/almasb/fxgl/11.17/fxgl-11.17.jar!/fxglassets/ui/fonts/lucida_console.ttf
08:52:59.893 [FXGL Background Thread 4 ] DEBUG FXGLAssetLoaderServi - Loading from file system: jar:file:///C:/Users/snamo/.m2/repository/com/github/almasb/fxgl/11.17/fxgl-11.17.jar!/fxglassets/ui/fonts/Courier-Prime.ttf
08:53:01.221 [FXGL Background Thread 2 ] INFO  UpdaterService       - Your current version:  11.17
08:53:01.221 [FXGL Background Thread 2 ] INFO  UpdaterService       - Latest stable version: 21
08:53:01.832 [JavaFX Application Thread] DEBUG AudioPlayer          - Playing music com.almasb.fxgl.audio.Music@21e75284
08:53:01.833 [JavaFX Application Thread] DEBUG FXGLAssetLoaderServi - Loading from file system: jar:file:///C:/Users/snamo/.m2/repository/com/github/almasb/fxgl/11.17/fxgl-11.17.jar!/fxglassets/textures/fxgl_icon.png
08:53:01.848 [JavaFX Application Thread] DEBUG FXGLAssetLoaderServi - Loading from file system: jar:file:///C:/Users/snamo/.m2/repository/com/github/almasb/fxgl/11.17/fxgl-11.17.jar!/fxglassets/textures/fxgl_default_cursor.png
08:53:01.850 [JavaFX Application Thread] DEBUG Input                - Registered new binding: Screenshot - CTRL+8
08:53:01.850 [JavaFX Application Thread] DEBUG Input                - Registered new binding: System info dump - CTRL+9
08:53:01.850 [JavaFX Application Thread] DEBUG Input                - Registered new binding: Restart - CTRL+R
08:53:01.851 [JavaFX Application Thread] DEBUG Input                - Registered new binding: Toggle Debug Camera - CTRL+C
08:53:01.853 [JavaFX Application Thread] DEBUG LoopRunner           - Starting loop
08:53:01.853 [JavaFX Application Thread] DEBUG LoopRunner           - Initializing JavaFX AnimationTimerLoop
08:53:01.854 [JavaFX Application Thread] DEBUG GameApplicationServi - Starting new game
08:53:01.854 [JavaFX Application Thread] DEBUG Input                - Clearing active input actions
08:53:01.862 [JavaFX Application Thread] DEBUG GameApplicationServi - Removing overlay from FXGLStartupScene and adding to MarioLoadingScene
08:53:01.862 [JavaFX Application Thread] DEBUG PrimaryStageWindow   - FXGLStartupScene -> MarioLoadingScene
08:53:01.862 [JavaFX Application Thread] DEBUG GameApplicationServi - Clearing previous game
08:53:01.862 [JavaFX Application Thread] DEBUG GameScene            - Clearing game scene
08:53:01.862 [JavaFX Application Thread] DEBUG GameWorld            - Clearing game world
08:53:01.862 [JavaFX Application Thread] DEBUG PhysicsWorld         - Clearing physics world
08:53:01.863 [FXGL Background Thread 2 ] DEBUG FXGLApplication      - Initializing game
08:53:01.865 [JavaFX Application Thread] DEBUG FXGLApplication      - Registering font factories with UI factory
08:53:01.867 [FXGL Background Thread 2 ] DEBUG FXGLAssetLoaderServi - Loading from file system: file:/C:/Users/snamo/OneDrive/Documents/GitHub/FXGL_Mario-master/target/classes/assets/textures/ice/ice_disappear.png
08:53:01.884 [FXGL Background Thread 2 ] DEBUG FXGLAssetLoaderServi - Loading from file system: file:/C:/Users/snamo/OneDrive/Documents/GitHub/FXGL_Mario-master/target/classes/assets/textures/ice/iceWater.png
08:53:01.885 [FXGL Background Thread 2 ] DEBUG FXGLAssetLoaderServi - Loading from file system: file:/C:/Users/snamo/OneDrive/Documents/GitHub/FXGL_Mario-master/target/classes/assets/textures/ice/collideCoin.png
08:53:01.933 [FXGL Background Thread 2 ] DEBUG TMXLevelLoader       - Parsed TiledMap: file:/C:/Users/snamo/OneDrive/Documents/GitHub/FXGL_Mario-master/target/classes/assets/levels/tmx/level6.tmx
08:53:01.934 [FXGL Background Thread 2 ] DEBUG TMXLevelLoader       - Creating tile layer entities
08:53:01.935 [FXGL Background Thread 2 ] DEBUG TilesetLoader        - Loading view for layer 块层 1
08:53:01.936 [FXGL Background Thread 2 ] DEBUG TilesetLoader        - Created buffer with size 2940.0x700.0
08:53:01.956 [FXGL Background Thread 2 ] DEBUG TMXLevelLoader       - Creating object layer entities
08:53:01.969 [FXGL Background Thread 2 ] DEBUG FXGLAssetLoaderServi - Loading from file system: file:/C:/Users/snamo/OneDrive/Documents/GitHub/FXGL_Mario-master/target/classes/assets/textures/ice/iceBlock.png
08:53:01.977 [FXGL Background Thread 2 ] DEBUG FXGLAssetLoaderServi - Loading from file system: file:/C:/Users/snamo/OneDrive/Documents/GitHub/FXGL_Mario-master/target/classes/assets/textures/ice/tundra_140x40.png
08:53:01.980 [FXGL Background Thread 2 ] DEBUG FXGLAssetLoaderServi - Loading from file system: file:/C:/Users/snamo/OneDrive/Documents/GitHub/FXGL_Mario-master/target/classes/assets/textures/button.png
08:53:01.987 [FXGL Background Thread 2 ] DEBUG FXGLAssetLoaderServi - Loading from file system: file:/C:/Users/snamo/OneDrive/Documents/GitHub/FXGL_Mario-master/target/classes/assets/textures/coinGold.png
08:53:01.993 [FXGL Background Thread 2 ] DEBUG GameWorld            - Clearing removable entities
08:53:01.993 [FXGL Background Thread 2 ] DEBUG GameWorld            - Setting level: com.almasb.fxgl.entity.level.Level@3dd618e6
08:53:02.086 [FXGL Background Thread 2 ] DEBUG FXGLAssetLoaderServi - Loading from file system: file:/C:/Users/snamo/OneDrive/Documents/GitHub/FXGL_Mario-master/target/classes/assets/textures/player.png
08:53:02.090 [FXGL Background Thread 2 ] INFO  FXGLApplication      - Game initialization took: 0.227 sec
08:53:02.190 [JavaFX Application Thread] DEBUG Input                - Clearing active input actions
08:53:02.201 [JavaFX Application Thread] DEBUG GameApplicationServi - Removing overlay from MarioLoadingScene and adding to GameScene
08:53:02.202 [JavaFX Application Thread] DEBUG PrimaryStageWindow   - MarioLoadingScene -> GameScene
08:53:02.788 [FXGL Background Thread 3 ] DEBUG Engine               - Logging environment variables
08:53:02.788 [FXGL Background Thread 3 ] DEBUG Engine               - achievements: []
08:53:02.788 [FXGL Background Thread 3 ] DEBUG Engine               - actualHeight: 720.0
08:53:02.788 [FXGL Background Thread 3 ] DEBUG Engine               - actualHeightProperty: ReadOnlyDoubleProperty [value: 720.0]
08:53:02.788 [FXGL Background Thread 3 ] DEBUG Engine               - actualWidth: 1280.0
08:53:02.788 [FXGL Background Thread 3 ] DEBUG Engine               - actualWidthProperty: ReadOnlyDoubleProperty [value: 1280.0]
08:53:02.788 [FXGL Background Thread 3 ] DEBUG Engine               - appIcon: fxgl_icon.png
08:53:02.788 [FXGL Background Thread 3 ] DEBUG Engine               - applicationMode: DEVELOPER
08:53:02.788 [FXGL Background Thread 3 ] DEBUG Engine               - cSSList: [fxgl_dark.css]
08:53:02.788 [FXGL Background Thread 3 ] DEBUG Engine               - collisionDetectionStrategy: BRUTE_FORCE
08:53:02.789 [FXGL Background Thread 3 ] DEBUG Engine               - configClass: Optional.empty
08:53:02.789 [FXGL Background Thread 3 ] DEBUG Engine               - credits: []
08:53:02.789 [FXGL Background Thread 3 ] DEBUG Engine               - defaultCursor: CursorInfo(imageName=fxgl_default_cursor.png, hotspotX=7.0, hotspotY=6.0)
08:53:02.789 [FXGL Background Thread 3 ] DEBUG Engine               - devBBoxColorProperty: ObjectProperty [value: 0xff0000ff]
08:53:02.789 [FXGL Background Thread 3 ] DEBUG Engine               - devEnableDebugCameraProperty: BooleanProperty [value: false]
08:53:02.789 [FXGL Background Thread 3 ] DEBUG Engine               - devSensorColorProperty: ObjectProperty [value: 0xffff00ff]
08:53:02.789 [FXGL Background Thread 3 ] DEBUG Engine               - devShowBBoxProperty: BooleanProperty [value: false]
08:53:02.789 [FXGL Background Thread 3 ] DEBUG Engine               - devShowPositionProperty: BooleanProperty [value: false]
08:53:02.789 [FXGL Background Thread 3 ] DEBUG Engine               - enabledMenuItems: []
08:53:02.789 [FXGL Background Thread 3 ] DEBUG Engine               - engineServices: [class com.almasb.fxgl.app.services.FXGLAssetLoaderService, class com.almasb.fxgl.app.FXGLApplication$GameApplicationService, class com.almasb.fxgl.app.services.FXGLDialogService, class com.almasb.fxgl.app.services.IOTaskExecutorService, class com.almasb.fxgl.io.FileSystemService, class com.almasb.fxgl.localization.LocalizationService, class com.almasb.fxgl.app.services.SystemBundleService, class com.almasb.fxgl.profile.SaveLoadService, class com.almasb.fxgl.ui.FXGLUIFactoryServiceProvider, class com.almasb.fxgl.ui.FXGLDialogFactoryServiceProvider, class com.almasb.fxgl.audio.AudioPlayer, class com.almasb.fxgl.notification.impl.NotificationServiceProvider, class com.almasb.fxgl.achievement.AchievementService, class com.almasb.fxgl.cutscene.CutsceneService, class com.almasb.fxgl.minigames.MiniGameService, class com.almasb.fxgl.net.NetService, class com.almasb.fxgl.app.services.UpdaterService, class com.almasb.fxgl.dev.DevService]
08:53:02.789 [FXGL Background Thread 3 ] DEBUG Engine               - fontGame: Abel-Regular.ttf
08:53:02.789 [FXGL Background Thread 3 ] DEBUG Engine               - fontMono: lucida_console.ttf
08:53:02.789 [FXGL Background Thread 3 ] DEBUG Engine               - fontText: Courier-Prime.ttf
08:53:02.789 [FXGL Background Thread 3 ] DEBUG Engine               - fontUI: VarelaRound-Regular.ttf
08:53:02.789 [FXGL Background Thread 3 ] DEBUG Engine               - fullScreen: BooleanProperty [value: false]
08:53:02.789 [FXGL Background Thread 3 ] DEBUG Engine               - gameDifficulty: MEDIUM
08:53:02.789 [FXGL Background Thread 3 ] DEBUG Engine               - gameDifficultyProperty: ObjectProperty [value: MEDIUM]
08:53:02.789 [FXGL Background Thread 3 ] DEBUG Engine               - globalMusicVolume: 0.5
08:53:02.790 [FXGL Background Thread 3 ] DEBUG Engine               - globalMusicVolumeProperty: DoubleProperty [value: 0.25]
08:53:02.790 [FXGL Background Thread 3 ] DEBUG Engine               - globalSoundVolume: 0.5
08:53:02.790 [FXGL Background Thread 3 ] DEBUG Engine               - globalSoundVolumeProperty: DoubleProperty [value: 0.5]
08:53:02.790 [FXGL Background Thread 3 ] DEBUG Engine               - height: 720
08:53:02.790 [FXGL Background Thread 3 ] DEBUG Engine               - is3D: false
08:53:02.790 [FXGL Background Thread 3 ] DEBUG Engine               - isAndroid: false
08:53:02.790 [FXGL Background Thread 3 ] DEBUG Engine               - isBrowser: false
08:53:02.790 [FXGL Background Thread 3 ] DEBUG Engine               - isClickFeedbackEnabled: false
08:53:02.790 [FXGL Background Thread 3 ] DEBUG Engine               - isCloseConfirmation: false
08:53:02.790 [FXGL Background Thread 3 ] DEBUG Engine               - isDesktop: true
08:53:02.790 [FXGL Background Thread 3 ] DEBUG Engine               - isDeveloperMenuEnabled: false
08:53:02.790 [FXGL Background Thread 3 ] DEBUG Engine               - isEntityPreloadEnabled: true
08:53:02.790 [FXGL Background Thread 3 ] DEBUG Engine               - isExperimentalTiledLargeMap: false
08:53:02.790 [FXGL Background Thread 3 ] DEBUG Engine               - isFileSystemWriteAllowed: true
08:53:02.790 [FXGL Background Thread 3 ] DEBUG Engine               - isFullScreenAllowed: false
08:53:02.790 [FXGL Background Thread 3 ] DEBUG Engine               - isFullScreenFromStart: false
08:53:02.790 [FXGL Background Thread 3 ] DEBUG Engine               - isGameMenuEnabled: true
08:53:02.790 [FXGL Background Thread 3 ] DEBUG Engine               - isIOS: false
08:53:02.790 [FXGL Background Thread 3 ] DEBUG Engine               - isIntroEnabled: false
08:53:02.790 [FXGL Background Thread 3 ] DEBUG Engine               - isLinux: false
08:53:02.790 [FXGL Background Thread 3 ] DEBUG Engine               - isMac: false
08:53:02.790 [FXGL Background Thread 3 ] DEBUG Engine               - isMainMenuEnabled: false
08:53:02.790 [FXGL Background Thread 3 ] DEBUG Engine               - isManualResizeEnabled: false
08:53:02.790 [FXGL Background Thread 3 ] DEBUG Engine               - isMobile: false
08:53:02.791 [FXGL Background Thread 3 ] DEBUG Engine               - isNative: false
08:53:02.791 [FXGL Background Thread 3 ] DEBUG Engine               - isPauseMusicWhenMinimized: true
08:53:02.791 [FXGL Background Thread 3 ] DEBUG Engine               - isPreserveResizeRatio: false
08:53:02.791 [FXGL Background Thread 3 ] DEBUG Engine               - isProfilingEnabled: false
08:53:02.791 [FXGL Background Thread 3 ] DEBUG Engine               - isScaleAffectedOnResize: true
08:53:02.791 [FXGL Background Thread 3 ] DEBUG Engine               - isSingleStep: false
08:53:02.791 [FXGL Background Thread 3 ] DEBUG Engine               - isUserProfileEnabled: false
08:53:02.791 [FXGL Background Thread 3 ] DEBUG Engine               - isWindows: true
08:53:02.791 [FXGL Background Thread 3 ] DEBUG Engine               - language: ObjectProperty [value: ENGLISH]
08:53:02.791 [FXGL Background Thread 3 ] DEBUG Engine               - menuKey: ESCAPE
08:53:02.791 [FXGL Background Thread 3 ] DEBUG Engine               - mouseSensitivity: 0.2
08:53:02.791 [FXGL Background Thread 3 ] DEBUG Engine               - notificationViewClass: class com.almasb.fxgl.notification.view.XboxNotificationView
08:53:02.791 [FXGL Background Thread 3 ] DEBUG Engine               - pixelsPerMeter: 50.0
08:53:02.791 [FXGL Background Thread 3 ] DEBUG Engine               - platform: WINDOWS
08:53:02.791 [FXGL Background Thread 3 ] DEBUG Engine               - prefHeightProperty: ReadOnlyDoubleProperty [value: 720.0]
08:53:02.791 [FXGL Background Thread 3 ] DEBUG Engine               - prefWidthProperty: ReadOnlyDoubleProperty [value: 1280.0]
08:53:02.791 [FXGL Background Thread 3 ] DEBUG Engine               - profileDir: profiles/
08:53:02.791 [FXGL Background Thread 3 ] DEBUG Engine               - profileName: StringProperty [value: DEFAULT]
08:53:02.791 [FXGL Background Thread 3 ] DEBUG Engine               - randomSeed: -1
08:53:02.791 [FXGL Background Thread 3 ] DEBUG Engine               - runtimeInfo: RuntimeInfo(platform=WINDOWS, version=11.17, build=16.07.2021 15.46)
08:53:02.791 [FXGL Background Thread 3 ] DEBUG Engine               - saveFileExt: sav
08:53:02.792 [FXGL Background Thread 3 ] DEBUG Engine               - scaledHeightProp$fxgl: DoubleProperty [bound, value: 720.0]
08:53:02.792 [FXGL Background Thread 3 ] DEBUG Engine               - scaledWidthProp$fxgl: DoubleProperty [bound, value: 1280.0]
08:53:02.792 [FXGL Background Thread 3 ] DEBUG Engine               - sceneFactory: com.leewyatt.mario.MairoApp$1@68e3a09b
08:53:02.792 [FXGL Background Thread 3 ] DEBUG Engine               - secondsIn24h: 60
08:53:02.792 [FXGL Background Thread 3 ] DEBUG Engine               - soundMenuBack: menu/back.wav
08:53:02.792 [FXGL Background Thread 3 ] DEBUG Engine               - soundMenuPress: menu/press.wav
08:53:02.792 [FXGL Background Thread 3 ] DEBUG Engine               - soundMenuSelect: menu/select.wav
08:53:02.792 [FXGL Background Thread 3 ] DEBUG Engine               - soundNotification: core/notification.wav
08:53:02.792 [FXGL Background Thread 3 ] DEBUG Engine               - stageStyle: DECORATED
08:53:02.792 [FXGL Background Thread 3 ] DEBUG Engine               - supportedLanguages: [ENGLISH, FRENCH, GERMAN, HUNGARIAN, RUSSIAN]
08:53:02.792 [FXGL Background Thread 3 ] DEBUG Engine               - ticksPerSecond: -1
08:53:02.792 [FXGL Background Thread 3 ] DEBUG Engine               - title: Untitled
08:53:02.792 [FXGL Background Thread 3 ] DEBUG Engine               - urlGithub: https://github.com/AlmasB/FXGL
08:53:02.792 [FXGL Background Thread 3 ] DEBUG Engine               - urlLeaderboard: http://fxgl-top.herokuapp.com/
08:53:02.792 [FXGL Background Thread 3 ] DEBUG Engine               - urlPOM: https://raw.githubusercontent.com/AlmasB/FXGL/release/README.md
08:53:02.792 [FXGL Background Thread 3 ] DEBUG Engine               - userAppClass: class com.leewyatt.mario.MairoApp
08:53:02.792 [FXGL Background Thread 3 ] DEBUG Engine               - version: 0.0
08:53:02.792 [FXGL Background Thread 3 ] DEBUG Engine               - versionCheckDays: 7
08:53:02.792 [FXGL Background Thread 3 ] DEBUG Engine               - width: 1280
08:53:02.792 [FXGL Background Thread 3 ] DEBUG Engine               - Logging services
08:53:02.792 [FXGL Background Thread 3 ] DEBUG Engine               - class com.almasb.fxgl.app.services.FXGLAssetLoaderService
08:53:02.792 [FXGL Background Thread 3 ] DEBUG Engine               - class com.almasb.fxgl.app.FXGLApplication$GameApplicationService
08:53:02.793 [FXGL Background Thread 3 ] DEBUG Engine               - class com.almasb.fxgl.app.services.FXGLDialogService
08:53:02.793 [FXGL Background Thread 3 ] DEBUG Engine               - class com.almasb.fxgl.app.services.IOTaskExecutorService
08:53:02.793 [FXGL Background Thread 3 ] DEBUG Engine               - class com.almasb.fxgl.io.FileSystemService
08:53:02.793 [FXGL Background Thread 3 ] DEBUG Engine               - class com.almasb.fxgl.localization.LocalizationService
08:53:02.793 [FXGL Background Thread 3 ] DEBUG Engine               - class com.almasb.fxgl.app.services.SystemBundleService
08:53:02.793 [FXGL Background Thread 3 ] DEBUG Engine               - class com.almasb.fxgl.profile.SaveLoadService
08:53:02.793 [FXGL Background Thread 3 ] DEBUG Engine               - class com.almasb.fxgl.ui.FXGLUIFactoryServiceProvider
08:53:02.793 [FXGL Background Thread 3 ] DEBUG Engine               - class com.almasb.fxgl.ui.FXGLDialogFactoryServiceProvider
08:53:02.793 [FXGL Background Thread 3 ] DEBUG Engine               - class com.almasb.fxgl.audio.AudioPlayer
08:53:02.793 [FXGL Background Thread 3 ] DEBUG Engine               - class com.almasb.fxgl.notification.impl.NotificationServiceProvider
08:53:02.793 [FXGL Background Thread 3 ] DEBUG Engine               - class com.almasb.fxgl.achievement.AchievementService
08:53:02.793 [FXGL Background Thread 3 ] DEBUG Engine               - class com.almasb.fxgl.cutscene.CutsceneService
08:53:02.793 [FXGL Background Thread 3 ] DEBUG Engine               - class com.almasb.fxgl.minigames.MiniGameService
08:53:02.793 [FXGL Background Thread 3 ] DEBUG Engine               - class com.almasb.fxgl.net.NetService
08:53:02.793 [FXGL Background Thread 3 ] DEBUG Engine               - class com.almasb.fxgl.app.services.UpdaterService
08:53:02.793 [FXGL Background Thread 3 ] DEBUG Engine               - class com.almasb.fxgl.dev.DevService
08:53:20.960 [JavaFX Application Thread] DEBUG TMXLevelLoader       - Parsed TiledMap: file:/C:/Users/snamo/OneDrive/Documents/GitHub/FXGL_Mario-master/target/classes/assets/levels/tmx/level6.tmx
08:53:20.960 [JavaFX Application Thread] DEBUG TMXLevelLoader       - Creating tile layer entities
08:53:20.960 [JavaFX Application Thread] DEBUG TilesetLoader        - Loading view for layer 块层 1
08:53:20.963 [JavaFX Application Thread] DEBUG TilesetLoader        - Created buffer with size 2940.0x700.0
08:53:20.977 [JavaFX Application Thread] DEBUG TMXLevelLoader       - Creating object layer entities
08:53:20.990 [JavaFX Application Thread] DEBUG GameWorld            - Clearing removable entities
08:53:20.995 [JavaFX Application Thread] DEBUG GameWorld            - Setting level: com.almasb.fxgl.entity.level.Level@66d6ffc7
08:53:28.407 [JavaFX Application Thread] DEBUG FXGLAssetLoaderServi - Loading from file system: file:/C:/Users/snamo/OneDrive/Documents/GitHub/FXGL_Mario-master/target/classes/assets/sounds/coin.wav
08:53:40.082 [JavaFX Application Thread] DEBUG FXGLApplication      - Exiting FXGL
08:53:40.082 [JavaFX Application Thread] DEBUG LoopRunner           - Stopping loop
08:53:40.082 [JavaFX Application Thread] DEBUG SystemBundleService  - Saving FXGL system data
08:53:40.083 [JavaFX Application Thread] DEBUG FileSystemAccess     - Writing to: C:\Users\snamo\OneDrive\Documents\GitHub\FXGL_Mario-master\system\fxgl.bundle
08:53:40.086 [JavaFX Application Thread] DEBUG Async                - Shutting down background threads
08:53:40.086 [JavaFX Application Thread] DEBUG PrimaryStageWindow   - Closing main window
08:53:40.094 [JavaFX Application Thread] DEBUG Logger               - Closing Logger
